{"/Users/yuki/workspace/pulse-finance-os/src/components/NavLink.tsx": {"path":"/Users/yuki/workspace/pulse-finance-os/src/components/NavLink.tsx","statementMap":{"0":{"start":{"line":11,"column":6},"end":{"line":23,"column":null}},"1":{"start":{"line":13,"column":4},"end":{"line":20,"column":null}},"2":{"start":{"line":17,"column":43},"end":{"line":18,"column":null}},"3":{"start":{"line":26,"column":0},"end":{"line":26,"column":null}}},"fnMap":{"0":{"name":"(anonymous_0)","decl":{"start":{"line":12,"column":2},"end":{"line":12,"column":3}},"loc":{"start":{"line":12,"column":67},"end":{"line":23,"column":null}},"line":12},"1":{"name":"(anonymous_1)","decl":{"start":{"line":17,"column":19},"end":{"line":17,"column":20}},"loc":{"start":{"line":17,"column":43},"end":{"line":18,"column":null}},"line":17}},"branchMap":{"0":{"loc":{"start":{"line":18,"column":24},"end":{"line":18,"column":53}},"type":"binary-expr","locations":[{"start":{"line":18,"column":24},"end":{"line":18,"column":36}},{"start":{"line":18,"column":36},"end":{"line":18,"column":53}}],"line":18},"1":{"loc":{"start":{"line":18,"column":53},"end":{"line":18,"column":null}},"type":"binary-expr","locations":[{"start":{"line":18,"column":53},"end":{"line":18,"column":66}},{"start":{"line":18,"column":66},"end":{"line":18,"column":null}}],"line":18}},"s":{"0":3,"1":334,"2":334,"3":3},"f":{"0":334,"1":334},"b":{"0":[334,0],"1":[334,0]},"meta":{"lastBranch":2,"lastFunction":2,"lastStatement":4,"seen":{"s:11:6:23:Infinity":0,"f:12:2:12:3":0,"s:13:4:20:Infinity":1,"f:17:19:17:20":1,"s:17:43:18:Infinity":2,"b:18:24:18:36:18:36:18:53":0,"b:18:53:18:66:18:66:18:Infinity":1,"s:26:0:26:Infinity":3}}}
,"/Users/yuki/workspace/pulse-finance-os/src/components/dashboard/RecentActivity.tsx": {"path":"/Users/yuki/workspace/pulse-finance-os/src/components/dashboard/RecentActivity.tsx","statementMap":{"0":{"start":{"line":21,"column":18},"end":{"line":27,"column":null}},"1":{"start":{"line":22,"column":4},"end":{"line":26,"column":null}},"2":{"start":{"line":23,"column":22},"end":{"line":23,"column":null}},"3":{"start":{"line":24,"column":22},"end":{"line":24,"column":null}},"4":{"start":{"line":25,"column":20},"end":{"line":25,"column":null}},"5":{"start":{"line":29,"column":2},"end":{"line":43,"column":null}},"6":{"start":{"line":41,"column":28},"end":{"line":43,"column":null}}},"fnMap":{"0":{"name":"RecentActivity","decl":{"start":{"line":20,"column":16},"end":{"line":20,"column":31}},"loc":{"start":{"line":20,"column":66},"end":{"line":73,"column":null}},"line":20},"1":{"name":"(anonymous_1)","decl":{"start":{"line":21,"column":18},"end":{"line":21,"column":19}},"loc":{"start":{"line":21,"column":19},"end":{"line":27,"column":null}},"line":21},"2":{"name":"(anonymous_2)","decl":{"start":{"line":41,"column":27},"end":{"line":41,"column":28}},"loc":{"start":{"line":41,"column":28},"end":{"line":43,"column":null}},"line":41}},"branchMap":{"0":{"loc":{"start":{"line":22,"column":4},"end":{"line":26,"column":null}},"type":"switch","locations":[{"start":{"line":23,"column":6},"end":{"line":23,"column":null}},{"start":{"line":24,"column":6},"end":{"line":24,"column":null}},{"start":{"line":25,"column":6},"end":{"line":25,"column":null}}],"line":22},"1":{"loc":{"start":{"line":36,"column":11},"end":{"line":43,"column":null}},"type":"cond-expr","locations":[{"start":{"line":36,"column":33},"end":{"line":41,"column":23}},{"start":{"line":41,"column":12},"end":{"line":43,"column":null}}],"line":36},"2":{"loc":{"start":{"line":57,"column":19},"end":{"line":62,"column":null}},"type":"binary-expr","locations":[{"start":{"line":57,"column":19},"end":{"line":57,"column":34}},{"start":{"line":57,"column":34},"end":{"line":62,"column":null}}],"line":57}},"s":{"0":8,"1":21,"2":7,"3":7,"4":7,"5":8,"6":21},"f":{"0":8,"1":21,"2":21},"b":{"0":[7,7,7],"1":[1,7],"2":[21,7]},"meta":{"lastBranch":3,"lastFunction":3,"lastStatement":7,"seen":{"f:20:16:20:31":0,"s:21:18:27:Infinity":0,"f:21:18:21:19":1,"b:23:6:23:Infinity:24:6:24:Infinity:25:6:25:Infinity":0,"s:22:4:26:Infinity":1,"s:23:22:23:Infinity":2,"s:24:22:24:Infinity":3,"s:25:20:25:Infinity":4,"s:29:2:43:Infinity":5,"b:36:33:41:23:41:12:43:Infinity":1,"f:41:27:41:28":2,"s:41:28:43:Infinity":6,"b:57:19:57:34:57:34:62:Infinity":2}}}
,"/Users/yuki/workspace/pulse-finance-os/src/components/dashboard/StatsCard.tsx": {"path":"/Users/yuki/workspace/pulse-finance-os/src/components/dashboard/StatsCard.tsx","statementMap":{"0":{"start":{"line":25,"column":2},"end":{"line":46,"column":null}}},"fnMap":{"0":{"name":"StatsCard","decl":{"start":{"line":17,"column":16},"end":{"line":17,"column":26}},"loc":{"start":{"line":24,"column":17},"end":{"line":53,"column":null}},"line":24}},"branchMap":{"0":{"loc":{"start":{"line":36,"column":11},"end":{"line":41,"column":null}},"type":"binary-expr","locations":[{"start":{"line":36,"column":11},"end":{"line":36,"column":null}},{"start":{"line":36,"column":11},"end":{"line":41,"column":null}}],"line":36},"1":{"loc":{"start":{"line":39,"column":14},"end":{"line":39,"column":null}},"type":"cond-expr","locations":[{"start":{"line":39,"column":31},"end":{"line":39,"column":48}},{"start":{"line":39,"column":48},"end":{"line":39,"column":null}}],"line":39},"2":{"loc":{"start":{"line":41,"column":15},"end":{"line":41,"column":42}},"type":"cond-expr","locations":[{"start":{"line":41,"column":32},"end":{"line":41,"column":38}},{"start":{"line":41,"column":38},"end":{"line":41,"column":42}}],"line":41},"3":{"loc":{"start":{"line":44,"column":11},"end":{"line":46,"column":null}},"type":"binary-expr","locations":[{"start":{"line":44,"column":11},"end":{"line":44,"column":null}},{"start":{"line":44,"column":11},"end":{"line":46,"column":null}}],"line":44}},"s":{"0":11},"f":{"0":11},"b":{"0":[11,3],"1":[2,1],"2":[2,1],"3":[11,2]},"meta":{"lastBranch":4,"lastFunction":1,"lastStatement":1,"seen":{"f:17:16:17:26":0,"s:25:2:46:Infinity":0,"b:36:11:36:Infinity:36:11:41:Infinity":0,"b:39:31:39:48:39:48:39:Infinity":1,"b:41:32:41:38:41:38:41:42":2,"b:44:11:44:Infinity:44:11:46:Infinity":3}}}
,"/Users/yuki/workspace/pulse-finance-os/src/components/dashboard/TrustPassportMini.tsx": {"path":"/Users/yuki/workspace/pulse-finance-os/src/components/dashboard/TrustPassportMini.tsx","statementMap":{"0":{"start":{"line":16,"column":21},"end":{"line":16,"column":null}},"1":{"start":{"line":17,"column":22},"end":{"line":17,"column":null}},"2":{"start":{"line":20,"column":4},"end":{"line":23,"column":null}},"3":{"start":{"line":25,"column":27},"end":{"line":25,"column":null}},"4":{"start":{"line":27,"column":2},"end":{"line":68,"column":null}}},"fnMap":{"0":{"name":"TrustPassportMini","decl":{"start":{"line":15,"column":16},"end":{"line":15,"column":34}},"loc":{"start":{"line":15,"column":88},"end":{"line":76,"column":null}},"line":15}},"branchMap":{"0":{"loc":{"start":{"line":17,"column":22},"end":{"line":17,"column":null}},"type":"cond-expr","locations":[{"start":{"line":17,"column":38},"end":{"line":17,"column":62}},{"start":{"line":17,"column":62},"end":{"line":17,"column":null}}],"line":17},"1":{"loc":{"start":{"line":20,"column":4},"end":{"line":23,"column":null}},"type":"cond-expr","locations":[{"start":{"line":20,"column":19},"end":{"line":20,"column":null}},{"start":{"line":21,"column":4},"end":{"line":23,"column":null}}],"line":20},"2":{"loc":{"start":{"line":21,"column":4},"end":{"line":23,"column":null}},"type":"cond-expr","locations":[{"start":{"line":21,"column":19},"end":{"line":21,"column":null}},{"start":{"line":22,"column":4},"end":{"line":23,"column":null}}],"line":21},"3":{"loc":{"start":{"line":22,"column":4},"end":{"line":23,"column":null}},"type":"cond-expr","locations":[{"start":{"line":22,"column":19},"end":{"line":22,"column":null}},{"start":{"line":23,"column":4},"end":{"line":23,"column":null}}],"line":22},"4":{"loc":{"start":{"line":23,"column":4},"end":{"line":23,"column":null}},"type":"cond-expr","locations":[{"start":{"line":23,"column":19},"end":{"line":23,"column":25}},{"start":{"line":23,"column":25},"end":{"line":23,"column":null}}],"line":23},"5":{"loc":{"start":{"line":45,"column":13},"end":{"line":54,"column":null}},"type":"binary-expr","locations":[{"start":{"line":45,"column":13},"end":{"line":45,"column":null}},{"start":{"line":45,"column":29},"end":{"line":54,"column":null}}],"line":45},"6":{"loc":{"start":{"line":49,"column":18},"end":{"line":49,"column":null}},"type":"cond-expr","locations":[{"start":{"line":49,"column":36},"end":{"line":49,"column":53}},{"start":{"line":49,"column":53},"end":{"line":49,"column":null}}],"line":49},"7":{"loc":{"start":{"line":51,"column":33},"end":{"line":51,"column":null}},"type":"cond-expr","locations":[{"start":{"line":51,"column":51},"end":{"line":51,"column":68}},{"start":{"line":51,"column":68},"end":{"line":51,"column":null}}],"line":51},"8":{"loc":{"start":{"line":52,"column":19},"end":{"line":52,"column":47}},"type":"cond-expr","locations":[{"start":{"line":52,"column":37},"end":{"line":52,"column":43}},{"start":{"line":52,"column":43},"end":{"line":52,"column":47}}],"line":52},"9":{"loc":{"start":{"line":64,"column":13},"end":{"line":64,"column":88}},"type":"binary-expr","locations":[{"start":{"line":64,"column":13},"end":{"line":64,"column":29}},{"start":{"line":64,"column":29},"end":{"line":64,"column":88}}],"line":64},"10":{"loc":{"start":{"line":64,"column":32},"end":{"line":64,"column":76}},"type":"cond-expr","locations":[{"start":{"line":64,"column":55},"end":{"line":64,"column":74}},{"start":{"line":64,"column":74},"end":{"line":64,"column":76}}],"line":64},"11":{"loc":{"start":{"line":65,"column":13},"end":{"line":65,"column":null}},"type":"binary-expr","locations":[{"start":{"line":65,"column":13},"end":{"line":65,"column":29}},{"start":{"line":65,"column":29},"end":{"line":65,"column":null}}],"line":65}},"s":{"0":9,"1":9,"2":9,"3":9,"4":9},"f":{"0":9},"b":{"0":[2,7],"1":[0,9],"2":[0,9],"3":[1,8],"4":[7,1],"5":[9,2],"6":[2,0],"7":[2,0],"8":[2,0],"9":[9,8],"10":[8,0],"11":[9,1]},"meta":{"lastBranch":12,"lastFunction":1,"lastStatement":5,"seen":{"f:15:16:15:34":0,"s:16:21:16:Infinity":0,"s:17:22:17:Infinity":1,"b:17:38:17:62:17:62:17:Infinity":0,"s:20:4:23:Infinity":2,"b:20:19:20:Infinity:21:4:23:Infinity":1,"b:21:19:21:Infinity:22:4:23:Infinity":2,"b:22:19:22:Infinity:23:4:23:Infinity":3,"b:23:19:23:25:23:25:23:Infinity":4,"s:25:27:25:Infinity":3,"s:27:2:68:Infinity":4,"b:45:13:45:Infinity:45:29:54:Infinity":5,"b:49:36:49:53:49:53:49:Infinity":6,"b:51:51:51:68:51:68:51:Infinity":7,"b:52:37:52:43:52:43:52:47":8,"b:64:13:64:29:64:29:64:88":9,"b:64:55:64:74:64:74:64:76":10,"b:65:13:65:29:65:29:65:Infinity":11}}}
,"/Users/yuki/workspace/pulse-finance-os/src/components/layout/AppLayout.tsx": {"path":"/Users/yuki/workspace/pulse-finance-os/src/components/layout/AppLayout.tsx","statementMap":{"0":{"start":{"line":12,"column":2},"end":{"line":24,"column":null}}},"fnMap":{"0":{"name":"AppLayout","decl":{"start":{"line":11,"column":16},"end":{"line":11,"column":26}},"loc":{"start":{"line":11,"column":54},"end":{"line":30,"column":null}},"line":11}},"branchMap":{},"s":{"0":15},"f":{"0":15},"b":{},"meta":{"lastBranch":0,"lastFunction":1,"lastStatement":1,"seen":{"f:11:16:11:26":0,"s:12:2:24:Infinity":0}}}
,"/Users/yuki/workspace/pulse-finance-os/src/components/layout/AppSidebar.tsx": {"path":"/Users/yuki/workspace/pulse-finance-os/src/components/layout/AppSidebar.tsx","statementMap":{"0":{"start":{"line":42,"column":21},"end":{"line":44,"column":null}},"1":{"start":{"line":46,"column":20},"end":{"line":50,"column":null}},"2":{"start":{"line":52,"column":20},"end":{"line":55,"column":null}},"3":{"start":{"line":57,"column":24},"end":{"line":61,"column":null}},"4":{"start":{"line":63,"column":27},"end":{"line":69,"column":null}},"5":{"start":{"line":71,"column":19},"end":{"line":76,"column":null}},"6":{"start":{"line":78,"column":21},"end":{"line":81,"column":null}},"7":{"start":{"line":83,"column":22},"end":{"line":86,"column":null}},"8":{"start":{"line":89,"column":25},"end":{"line":89,"column":null}},"9":{"start":{"line":90,"column":17},"end":{"line":90,"column":null}},"10":{"start":{"line":91,"column":20},"end":{"line":91,"column":null}},"11":{"start":{"line":93,"column":2},"end":{"line":298,"column":null}},"12":{"start":{"line":111,"column":33},"end":{"line":112,"column":null}},"13":{"start":{"line":133,"column":32},"end":{"line":134,"column":null}},"14":{"start":{"line":155,"column":32},"end":{"line":156,"column":null}},"15":{"start":{"line":177,"column":36},"end":{"line":178,"column":null}},"16":{"start":{"line":199,"column":39},"end":{"line":200,"column":null}},"17":{"start":{"line":221,"column":31},"end":{"line":222,"column":null}},"18":{"start":{"line":243,"column":33},"end":{"line":244,"column":null}},"19":{"start":{"line":265,"column":34},"end":{"line":266,"column":null}}},"fnMap":{"0":{"name":"AppSidebar","decl":{"start":{"line":88,"column":16},"end":{"line":88,"column":null}},"loc":{"start":{"line":88,"column":16},"end":{"line":304,"column":null}},"line":88},"1":{"name":"(anonymous_1)","decl":{"start":{"line":111,"column":32},"end":{"line":111,"column":33}},"loc":{"start":{"line":111,"column":33},"end":{"line":112,"column":null}},"line":111},"2":{"name":"(anonymous_2)","decl":{"start":{"line":133,"column":31},"end":{"line":133,"column":32}},"loc":{"start":{"line":133,"column":32},"end":{"line":134,"column":null}},"line":133},"3":{"name":"(anonymous_3)","decl":{"start":{"line":155,"column":31},"end":{"line":155,"column":32}},"loc":{"start":{"line":155,"column":32},"end":{"line":156,"column":null}},"line":155},"4":{"name":"(anonymous_4)","decl":{"start":{"line":177,"column":35},"end":{"line":177,"column":36}},"loc":{"start":{"line":177,"column":36},"end":{"line":178,"column":null}},"line":177},"5":{"name":"(anonymous_5)","decl":{"start":{"line":199,"column":38},"end":{"line":199,"column":39}},"loc":{"start":{"line":199,"column":39},"end":{"line":200,"column":null}},"line":199},"6":{"name":"(anonymous_6)","decl":{"start":{"line":221,"column":30},"end":{"line":221,"column":31}},"loc":{"start":{"line":221,"column":31},"end":{"line":222,"column":null}},"line":221},"7":{"name":"(anonymous_7)","decl":{"start":{"line":243,"column":32},"end":{"line":243,"column":33}},"loc":{"start":{"line":243,"column":33},"end":{"line":244,"column":null}},"line":243},"8":{"name":"(anonymous_8)","decl":{"start":{"line":265,"column":33},"end":{"line":265,"column":34}},"loc":{"start":{"line":265,"column":34},"end":{"line":266,"column":null}},"line":265}},"branchMap":{"0":{"loc":{"start":{"line":100,"column":11},"end":{"line":101,"column":null}},"type":"binary-expr","locations":[{"start":{"line":100,"column":11},"end":{"line":100,"column":null}},{"start":{"line":100,"column":12},"end":{"line":101,"column":null}}],"line":100},"1":{"loc":{"start":{"line":286,"column":11},"end":{"line":288,"column":null}},"type":"binary-expr","locations":[{"start":{"line":286,"column":11},"end":{"line":286,"column":25}},{"start":{"line":286,"column":25},"end":{"line":286,"column":null}},{"start":{"line":286,"column":25},"end":{"line":288,"column":null}}],"line":286},"2":{"loc":{"start":{"line":298,"column":13},"end":{"line":298,"column":null}},"type":"binary-expr","locations":[{"start":{"line":298,"column":13},"end":{"line":298,"column":27}},{"start":{"line":298,"column":14},"end":{"line":298,"column":null}}],"line":298}},"s":{"0":2,"1":2,"2":2,"3":2,"4":2,"5":2,"6":2,"7":2,"8":15,"9":15,"10":15,"11":15,"12":15,"13":45,"14":30,"15":45,"16":75,"17":60,"18":30,"19":30},"f":{"0":15,"1":15,"2":45,"3":30,"4":45,"5":75,"6":60,"7":30,"8":30},"b":{"0":[15,15],"1":[15,15,15],"2":[15,15]},"meta":{"lastBranch":3,"lastFunction":9,"lastStatement":20,"seen":{"s:42:21:44:Infinity":0,"s:46:20:50:Infinity":1,"s:52:20:55:Infinity":2,"s:57:24:61:Infinity":3,"s:63:27:69:Infinity":4,"s:71:19:76:Infinity":5,"s:78:21:81:Infinity":6,"s:83:22:86:Infinity":7,"f:88:16:88:Infinity":0,"s:89:25:89:Infinity":8,"s:90:17:90:Infinity":9,"s:91:20:91:Infinity":10,"s:93:2:298:Infinity":11,"b:100:11:100:Infinity:100:12:101:Infinity":0,"f:111:32:111:33":1,"s:111:33:112:Infinity":12,"f:133:31:133:32":2,"s:133:32:134:Infinity":13,"f:155:31:155:32":3,"s:155:32:156:Infinity":14,"f:177:35:177:36":4,"s:177:36:178:Infinity":15,"f:199:38:199:39":5,"s:199:39:200:Infinity":16,"f:221:30:221:31":6,"s:221:31:222:Infinity":17,"f:243:32:243:33":7,"s:243:33:244:Infinity":18,"f:265:33:265:34":8,"s:265:34:266:Infinity":19,"b:286:11:286:25:286:25:286:Infinity:286:25:288:Infinity":1,"b:298:13:298:27:298:14:298:Infinity":2}}}
,"/Users/yuki/workspace/pulse-finance-os/src/hooks/use-mobile.tsx": {"path":"/Users/yuki/workspace/pulse-finance-os/src/hooks/use-mobile.tsx","statementMap":{"0":{"start":{"line":3,"column":26},"end":{"line":3,"column":null}},"1":{"start":{"line":6,"column":34},"end":{"line":6,"column":null}},"2":{"start":{"line":8,"column":2},"end":{"line":16,"column":null}},"3":{"start":{"line":9,"column":16},"end":{"line":9,"column":null}},"4":{"start":{"line":10,"column":21},"end":{"line":12,"column":null}},"5":{"start":{"line":11,"column":6},"end":{"line":11,"column":null}},"6":{"start":{"line":13,"column":4},"end":{"line":13,"column":null}},"7":{"start":{"line":14,"column":4},"end":{"line":14,"column":null}},"8":{"start":{"line":15,"column":4},"end":{"line":15,"column":null}},"9":{"start":{"line":15,"column":17},"end":{"line":15,"column":null}},"10":{"start":{"line":18,"column":2},"end":{"line":18,"column":null}}},"fnMap":{"0":{"name":"useIsMobile","decl":{"start":{"line":5,"column":16},"end":{"line":5,"column":null}},"loc":{"start":{"line":5,"column":16},"end":{"line":19,"column":null}},"line":5},"1":{"name":"(anonymous_1)","decl":{"start":{"line":8,"column":18},"end":{"line":8,"column":null}},"loc":{"start":{"line":8,"column":18},"end":{"line":16,"column":5}},"line":8},"2":{"name":"(anonymous_2)","decl":{"start":{"line":10,"column":21},"end":{"line":10,"column":null}},"loc":{"start":{"line":10,"column":21},"end":{"line":12,"column":null}},"line":10},"3":{"name":"(anonymous_3)","decl":{"start":{"line":15,"column":11},"end":{"line":15,"column":17}},"loc":{"start":{"line":15,"column":17},"end":{"line":15,"column":null}},"line":15}},"branchMap":{},"s":{"0":2,"1":30,"2":30,"3":15,"4":15,"5":0,"6":15,"7":15,"8":15,"9":15,"10":30},"f":{"0":30,"1":15,"2":0,"3":15},"b":{},"meta":{"lastBranch":0,"lastFunction":4,"lastStatement":11,"seen":{"s:3:26:3:Infinity":0,"f:5:16:5:Infinity":0,"s:6:34:6:Infinity":1,"s:8:2:16:Infinity":2,"f:8:18:8:Infinity":1,"s:9:16:9:Infinity":3,"s:10:21:12:Infinity":4,"f:10:21:10:Infinity":2,"s:11:6:11:Infinity":5,"s:13:4:13:Infinity":6,"s:14:4:14:Infinity":7,"s:15:4:15:Infinity":8,"f:15:11:15:17":3,"s:15:17:15:Infinity":9,"s:18:2:18:Infinity":10}}}
,"/Users/yuki/workspace/pulse-finance-os/src/hooks/use-toast.ts": {"path":"/Users/yuki/workspace/pulse-finance-os/src/hooks/use-toast.ts","statementMap":{"0":{"start":{"line":5,"column":20},"end":{"line":5,"column":null}},"1":{"start":{"line":6,"column":27},"end":{"line":6,"column":null}},"2":{"start":{"line":15,"column":20},"end":{"line":20,"column":null}},"3":{"start":{"line":22,"column":12},"end":{"line":22,"column":null}},"4":{"start":{"line":25,"column":2},"end":{"line":25,"column":null}},"5":{"start":{"line":26,"column":2},"end":{"line":26,"column":null}},"6":{"start":{"line":53,"column":22},"end":{"line":53,"column":null}},"7":{"start":{"line":55,"column":25},"end":{"line":69,"column":null}},"8":{"start":{"line":56,"column":2},"end":{"line":58,"column":null}},"9":{"start":{"line":57,"column":4},"end":{"line":57,"column":null}},"10":{"start":{"line":60,"column":18},"end":{"line":66,"column":null}},"11":{"start":{"line":61,"column":4},"end":{"line":61,"column":null}},"12":{"start":{"line":62,"column":4},"end":{"line":65,"column":null}},"13":{"start":{"line":68,"column":2},"end":{"line":68,"column":null}},"14":{"start":{"line":71,"column":23},"end":{"line":122,"column":null}},"15":{"start":{"line":72,"column":2},"end":{"line":121,"column":null}},"16":{"start":{"line":74,"column":6},"end":{"line":77,"column":null}},"17":{"start":{"line":80,"column":6},"end":{"line":83,"column":null}},"18":{"start":{"line":82,"column":41},"end":{"line":82,"column":null}},"19":{"start":{"line":86,"column":26},"end":{"line":86,"column":null}},"20":{"start":{"line":90,"column":6},"end":{"line":96,"column":null}},"21":{"start":{"line":91,"column":8},"end":{"line":91,"column":null}},"22":{"start":{"line":93,"column":8},"end":{"line":95,"column":null}},"23":{"start":{"line":94,"column":10},"end":{"line":94,"column":null}},"24":{"start":{"line":98,"column":6},"end":{"line":108,"column":null}},"25":{"start":{"line":101,"column":10},"end":{"line":106,"column":null}},"26":{"start":{"line":111,"column":6},"end":{"line":116,"column":null}},"27":{"start":{"line":112,"column":8},"end":{"line":115,"column":null}},"28":{"start":{"line":117,"column":6},"end":{"line":120,"column":null}},"29":{"start":{"line":119,"column":43},"end":{"line":119,"column":66}},"30":{"start":{"line":124,"column":49},"end":{"line":124,"column":51}},"31":{"start":{"line":126,"column":25},"end":{"line":126,"column":null}},"32":{"start":{"line":129,"column":2},"end":{"line":129,"column":null}},"33":{"start":{"line":130,"column":2},"end":{"line":132,"column":null}},"34":{"start":{"line":131,"column":4},"end":{"line":131,"column":null}},"35":{"start":{"line":138,"column":13},"end":{"line":138,"column":null}},"36":{"start":{"line":140,"column":17},"end":{"line":144,"column":null}},"37":{"start":{"line":141,"column":4},"end":{"line":144,"column":null}},"38":{"start":{"line":145,"column":18},"end":{"line":145,"column":null}},"39":{"start":{"line":145,"column":24},"end":{"line":145,"column":null}},"40":{"start":{"line":147,"column":2},"end":{"line":157,"column":null}},"41":{"start":{"line":154,"column":8},"end":{"line":154,"column":null}},"42":{"start":{"line":154,"column":19},"end":{"line":154,"column":null}},"43":{"start":{"line":159,"column":2},"end":{"line":163,"column":null}},"44":{"start":{"line":167,"column":28},"end":{"line":167,"column":null}},"45":{"start":{"line":169,"column":2},"end":{"line":177,"column":null}},"46":{"start":{"line":170,"column":4},"end":{"line":170,"column":null}},"47":{"start":{"line":171,"column":4},"end":{"line":176,"column":null}},"48":{"start":{"line":172,"column":20},"end":{"line":172,"column":null}},"49":{"start":{"line":173,"column":6},"end":{"line":175,"column":null}},"50":{"start":{"line":174,"column":8},"end":{"line":174,"column":null}},"51":{"start":{"line":179,"column":2},"end":{"line":183,"column":null}},"52":{"start":{"line":182,"column":35},"end":{"line":182,"column":null}}},"fnMap":{"0":{"name":"genId","decl":{"start":{"line":24,"column":9},"end":{"line":24,"column":null}},"loc":{"start":{"line":24,"column":9},"end":{"line":27,"column":null}},"line":24},"1":{"name":"(anonymous_1)","decl":{"start":{"line":55,"column":25},"end":{"line":55,"column":26}},"loc":{"start":{"line":55,"column":26},"end":{"line":69,"column":null}},"line":55},"2":{"name":"(anonymous_2)","decl":{"start":{"line":60,"column":29},"end":{"line":60,"column":null}},"loc":{"start":{"line":60,"column":29},"end":{"line":66,"column":5}},"line":60},"3":{"name":"(anonymous_3)","decl":{"start":{"line":71,"column":23},"end":{"line":71,"column":24}},"loc":{"start":{"line":71,"column":38},"end":{"line":122,"column":null}},"line":71},"4":{"name":"(anonymous_4)","decl":{"start":{"line":82,"column":33},"end":{"line":82,"column":34}},"loc":{"start":{"line":82,"column":41},"end":{"line":82,"column":null}},"line":82},"5":{"name":"(anonymous_5)","decl":{"start":{"line":93,"column":29},"end":{"line":93,"column":30}},"loc":{"start":{"line":93,"column":30},"end":{"line":95,"column":null}},"line":93},"6":{"name":"(anonymous_6)","decl":{"start":{"line":100,"column":33},"end":{"line":100,"column":34}},"loc":{"start":{"line":101,"column":10},"end":{"line":106,"column":null}},"line":101},"7":{"name":"(anonymous_7)","decl":{"start":{"line":119,"column":36},"end":{"line":119,"column":37}},"loc":{"start":{"line":119,"column":43},"end":{"line":119,"column":66}},"line":119},"8":{"name":"dispatch","decl":{"start":{"line":128,"column":9},"end":{"line":128,"column":18}},"loc":{"start":{"line":128,"column":32},"end":{"line":133,"column":null}},"line":128},"9":{"name":"(anonymous_9)","decl":{"start":{"line":130,"column":20},"end":{"line":130,"column":21}},"loc":{"start":{"line":130,"column":21},"end":{"line":132,"column":null}},"line":130},"10":{"name":"toast","decl":{"start":{"line":137,"column":9},"end":{"line":137,"column":15}},"loc":{"start":{"line":137,"column":34},"end":{"line":164,"column":null}},"line":137},"11":{"name":"(anonymous_11)","decl":{"start":{"line":140,"column":17},"end":{"line":140,"column":18}},"loc":{"start":{"line":141,"column":4},"end":{"line":144,"column":null}},"line":141},"12":{"name":"(anonymous_12)","decl":{"start":{"line":145,"column":18},"end":{"line":145,"column":24}},"loc":{"start":{"line":145,"column":24},"end":{"line":145,"column":null}},"line":145},"13":{"name":"(anonymous_13)","decl":{"start":{"line":153,"column":20},"end":{"line":153,"column":21}},"loc":{"start":{"line":153,"column":21},"end":{"line":155,"column":null}},"line":153},"14":{"name":"useToast","decl":{"start":{"line":166,"column":9},"end":{"line":166,"column":null}},"loc":{"start":{"line":166,"column":9},"end":{"line":184,"column":null}},"line":166},"15":{"name":"(anonymous_15)","decl":{"start":{"line":169,"column":18},"end":{"line":169,"column":null}},"loc":{"start":{"line":169,"column":18},"end":{"line":177,"column":5}},"line":169},"16":{"name":"(anonymous_16)","decl":{"start":{"line":171,"column":11},"end":{"line":171,"column":null}},"loc":{"start":{"line":171,"column":11},"end":{"line":176,"column":null}},"line":171},"17":{"name":"(anonymous_17)","decl":{"start":{"line":182,"column":13},"end":{"line":182,"column":14}},"loc":{"start":{"line":182,"column":35},"end":{"line":182,"column":null}},"line":182}},"branchMap":{"0":{"loc":{"start":{"line":56,"column":2},"end":{"line":58,"column":null}},"type":"if","locations":[{"start":{"line":56,"column":2},"end":{"line":58,"column":null}},{"start":{},"end":{}}],"line":56},"1":{"loc":{"start":{"line":72,"column":2},"end":{"line":121,"column":null}},"type":"switch","locations":[{"start":{"line":73,"column":4},"end":{"line":77,"column":null}},{"start":{"line":79,"column":4},"end":{"line":83,"column":null}},{"start":{"line":85,"column":4},"end":{"line":109,"column":null}},{"start":{"line":110,"column":4},"end":{"line":120,"column":null}}],"line":72},"2":{"loc":{"start":{"line":82,"column":41},"end":{"line":82,"column":null}},"type":"cond-expr","locations":[{"start":{"line":82,"column":68},"end":{"line":82,"column":96}},{"start":{"line":82,"column":96},"end":{"line":82,"column":null}}],"line":82},"3":{"loc":{"start":{"line":90,"column":6},"end":{"line":96,"column":null}},"type":"if","locations":[{"start":{"line":90,"column":6},"end":{"line":96,"column":null}},{"start":{"line":92,"column":13},"end":{"line":96,"column":null}}],"line":90},"4":{"loc":{"start":{"line":101,"column":10},"end":{"line":106,"column":null}},"type":"cond-expr","locations":[{"start":{"line":102,"column":14},"end":{"line":105,"column":null}},{"start":{"line":106,"column":14},"end":{"line":106,"column":null}}],"line":101},"5":{"loc":{"start":{"line":101,"column":10},"end":{"line":101,"column":null}},"type":"binary-expr","locations":[{"start":{"line":101,"column":10},"end":{"line":101,"column":30}},{"start":{"line":101,"column":30},"end":{"line":101,"column":null}}],"line":101},"6":{"loc":{"start":{"line":111,"column":6},"end":{"line":116,"column":null}},"type":"if","locations":[{"start":{"line":111,"column":6},"end":{"line":116,"column":null}},{"start":{},"end":{}}],"line":111},"7":{"loc":{"start":{"line":154,"column":8},"end":{"line":154,"column":null}},"type":"if","locations":[{"start":{"line":154,"column":8},"end":{"line":154,"column":null}},{"start":{},"end":{}}],"line":154},"8":{"loc":{"start":{"line":173,"column":6},"end":{"line":175,"column":null}},"type":"if","locations":[{"start":{"line":173,"column":6},"end":{"line":175,"column":null}},{"start":{},"end":{}}],"line":173}},"s":{"0":1,"1":1,"2":1,"3":1,"4":1,"5":1,"6":1,"7":1,"8":0,"9":0,"10":0,"11":0,"12":0,"13":0,"14":1,"15":1,"16":1,"17":0,"18":0,"19":0,"20":0,"21":0,"22":0,"23":0,"24":0,"25":0,"26":0,"27":0,"28":0,"29":0,"30":1,"31":1,"32":1,"33":1,"34":2,"35":1,"36":1,"37":0,"38":1,"39":0,"40":1,"41":0,"42":0,"43":1,"44":56,"45":56,"46":16,"47":16,"48":16,"49":16,"50":16,"51":56,"52":0},"f":{"0":1,"1":0,"2":0,"3":1,"4":0,"5":0,"6":0,"7":0,"8":1,"9":2,"10":1,"11":0,"12":0,"13":0,"14":56,"15":16,"16":16,"17":0},"b":{"0":[0,0],"1":[1,0,0,0],"2":[0,0],"3":[0,0],"4":[0,0],"5":[0,0],"6":[0,0],"7":[0,0],"8":[16,0]},"meta":{"lastBranch":9,"lastFunction":18,"lastStatement":53,"seen":{"s:5:20:5:Infinity":0,"s:6:27:6:Infinity":1,"s:15:20:20:Infinity":2,"s:22:12:22:Infinity":3,"f:24:9:24:Infinity":0,"s:25:2:25:Infinity":4,"s:26:2:26:Infinity":5,"s:53:22:53:Infinity":6,"s:55:25:69:Infinity":7,"f:55:25:55:26":1,"b:56:2:58:Infinity:undefined:undefined:undefined:undefined":0,"s:56:2:58:Infinity":8,"s:57:4:57:Infinity":9,"s:60:18:66:Infinity":10,"f:60:29:60:Infinity":2,"s:61:4:61:Infinity":11,"s:62:4:65:Infinity":12,"s:68:2:68:Infinity":13,"s:71:23:122:Infinity":14,"f:71:23:71:24":3,"b:73:4:77:Infinity:79:4:83:Infinity:85:4:109:Infinity:110:4:120:Infinity":1,"s:72:2:121:Infinity":15,"s:74:6:77:Infinity":16,"s:80:6:83:Infinity":17,"f:82:33:82:34":4,"s:82:41:82:Infinity":18,"b:82:68:82:96:82:96:82:Infinity":2,"s:86:26:86:Infinity":19,"b:90:6:96:Infinity:92:13:96:Infinity":3,"s:90:6:96:Infinity":20,"s:91:8:91:Infinity":21,"s:93:8:95:Infinity":22,"f:93:29:93:30":5,"s:94:10:94:Infinity":23,"s:98:6:108:Infinity":24,"f:100:33:100:34":6,"s:101:10:106:Infinity":25,"b:102:14:105:Infinity:106:14:106:Infinity":4,"b:101:10:101:30:101:30:101:Infinity":5,"b:111:6:116:Infinity:undefined:undefined:undefined:undefined":6,"s:111:6:116:Infinity":26,"s:112:8:115:Infinity":27,"s:117:6:120:Infinity":28,"f:119:36:119:37":7,"s:119:43:119:66":29,"s:124:49:124:51":30,"s:126:25:126:Infinity":31,"f:128:9:128:18":8,"s:129:2:129:Infinity":32,"s:130:2:132:Infinity":33,"f:130:20:130:21":9,"s:131:4:131:Infinity":34,"f:137:9:137:15":10,"s:138:13:138:Infinity":35,"s:140:17:144:Infinity":36,"f:140:17:140:18":11,"s:141:4:144:Infinity":37,"s:145:18:145:Infinity":38,"f:145:18:145:24":12,"s:145:24:145:Infinity":39,"s:147:2:157:Infinity":40,"f:153:20:153:21":13,"b:154:8:154:Infinity:undefined:undefined:undefined:undefined":7,"s:154:8:154:Infinity":41,"s:154:19:154:Infinity":42,"s:159:2:163:Infinity":43,"f:166:9:166:Infinity":14,"s:167:28:167:Infinity":44,"s:169:2:177:Infinity":45,"f:169:18:169:Infinity":15,"s:170:4:170:Infinity":46,"s:171:4:176:Infinity":47,"f:171:11:171:Infinity":16,"s:172:20:172:Infinity":48,"b:173:6:175:Infinity:undefined:undefined:undefined:undefined":8,"s:173:6:175:Infinity":49,"s:174:8:174:Infinity":50,"s:179:2:183:Infinity":51,"f:182:13:182:14":17,"s:182:35:182:Infinity":52}}}
,"/Users/yuki/workspace/pulse-finance-os/src/hooks/useAuth.tsx": {"path":"/Users/yuki/workspace/pulse-finance-os/src/hooks/useAuth.tsx","statementMap":{"0":{"start":{"line":13,"column":6},"end":{"line":13,"column":null}},"1":{"start":{"line":16,"column":23},"end":{"line":16,"column":null}},"2":{"start":{"line":17,"column":29},"end":{"line":17,"column":null}},"3":{"start":{"line":18,"column":29},"end":{"line":18,"column":null}},"4":{"start":{"line":20,"column":2},"end":{"line":38,"column":null}},"5":{"start":{"line":22,"column":39},"end":{"line":27,"column":null}},"6":{"start":{"line":24,"column":8},"end":{"line":24,"column":null}},"7":{"start":{"line":25,"column":8},"end":{"line":25,"column":null}},"8":{"start":{"line":26,"column":8},"end":{"line":26,"column":null}},"9":{"start":{"line":31,"column":4},"end":{"line":35,"column":null}},"10":{"start":{"line":32,"column":6},"end":{"line":32,"column":null}},"11":{"start":{"line":33,"column":6},"end":{"line":33,"column":null}},"12":{"start":{"line":34,"column":6},"end":{"line":34,"column":null}},"13":{"start":{"line":37,"column":4},"end":{"line":37,"column":null}},"14":{"start":{"line":37,"column":17},"end":{"line":37,"column":null}},"15":{"start":{"line":40,"column":30},"end":{"line":49,"column":null}},"16":{"start":{"line":41,"column":24},"end":{"line":41,"column":61}},"17":{"start":{"line":42,"column":22},"end":{"line":47,"column":null}},"18":{"start":{"line":48,"column":4},"end":{"line":48,"column":null}},"19":{"start":{"line":51,"column":18},"end":{"line":53,"column":null}},"20":{"start":{"line":52,"column":4},"end":{"line":52,"column":null}},"21":{"start":{"line":55,"column":2},"end":{"line":57,"column":null}},"22":{"start":{"line":63,"column":8},"end":{"line":63,"column":null}},"23":{"start":{"line":64,"column":2},"end":{"line":66,"column":null}},"24":{"start":{"line":65,"column":4},"end":{"line":65,"column":null}},"25":{"start":{"line":67,"column":2},"end":{"line":67,"column":null}}},"fnMap":{"0":{"name":"AuthProvider","decl":{"start":{"line":15,"column":16},"end":{"line":15,"column":29}},"loc":{"start":{"line":15,"column":66},"end":{"line":60,"column":null}},"line":15},"1":{"name":"(anonymous_1)","decl":{"start":{"line":20,"column":12},"end":{"line":20,"column":null}},"loc":{"start":{"line":20,"column":12},"end":{"line":38,"column":5}},"line":20},"2":{"name":"(anonymous_2)","decl":{"start":{"line":23,"column":6},"end":{"line":23,"column":7}},"loc":{"start":{"line":23,"column":14},"end":{"line":27,"column":null}},"line":23},"3":{"name":"(anonymous_3)","decl":{"start":{"line":31,"column":36},"end":{"line":31,"column":37}},"loc":{"start":{"line":31,"column":58},"end":{"line":35,"column":null}},"line":31},"4":{"name":"(anonymous_4)","decl":{"start":{"line":37,"column":11},"end":{"line":37,"column":17}},"loc":{"start":{"line":37,"column":17},"end":{"line":37,"column":null}},"line":37},"5":{"name":"(anonymous_5)","decl":{"start":{"line":40,"column":30},"end":{"line":40,"column":37}},"loc":{"start":{"line":40,"column":37},"end":{"line":49,"column":null}},"line":40},"6":{"name":"(anonymous_6)","decl":{"start":{"line":51,"column":18},"end":{"line":51,"column":null}},"loc":{"start":{"line":51,"column":18},"end":{"line":53,"column":null}},"line":51},"7":{"name":"useAuth","decl":{"start":{"line":62,"column":16},"end":{"line":62,"column":null}},"loc":{"start":{"line":62,"column":16},"end":{"line":68,"column":null}},"line":62}},"branchMap":{"0":{"loc":{"start":{"line":25,"column":16},"end":{"line":25,"column":null}},"type":"binary-expr","locations":[{"start":{"line":25,"column":16},"end":{"line":25,"column":33}},{"start":{"line":25,"column":33},"end":{"line":25,"column":null}}],"line":25},"1":{"loc":{"start":{"line":33,"column":14},"end":{"line":33,"column":null}},"type":"binary-expr","locations":[{"start":{"line":33,"column":14},"end":{"line":33,"column":31}},{"start":{"line":33,"column":31},"end":{"line":33,"column":null}}],"line":33},"2":{"loc":{"start":{"line":64,"column":2},"end":{"line":66,"column":null}},"type":"if","locations":[{"start":{"line":64,"column":2},"end":{"line":66,"column":null}},{"start":{},"end":{}}],"line":64}},"s":{"0":2,"1":34,"2":34,"3":34,"4":34,"5":13,"6":13,"7":13,"8":13,"9":13,"10":13,"11":13,"12":13,"13":13,"14":13,"15":34,"16":2,"17":2,"18":2,"19":34,"20":1,"21":34,"22":64,"23":64,"24":4,"25":60},"f":{"0":34,"1":13,"2":13,"3":13,"4":13,"5":2,"6":1,"7":64},"b":{"0":[13,13],"1":[13,13],"2":[4,60]},"meta":{"lastBranch":3,"lastFunction":8,"lastStatement":26,"seen":{"s:13:6:13:Infinity":0,"f:15:16:15:29":0,"s:16:23:16:Infinity":1,"s:17:29:17:Infinity":2,"s:18:29:18:Infinity":3,"s:20:2:38:Infinity":4,"f:20:12:20:Infinity":1,"s:22:39:27:Infinity":5,"f:23:6:23:7":2,"s:24:8:24:Infinity":6,"s:25:8:25:Infinity":7,"b:25:16:25:33:25:33:25:Infinity":0,"s:26:8:26:Infinity":8,"s:31:4:35:Infinity":9,"f:31:36:31:37":3,"s:32:6:32:Infinity":10,"s:33:6:33:Infinity":11,"b:33:14:33:31:33:31:33:Infinity":1,"s:34:6:34:Infinity":12,"s:37:4:37:Infinity":13,"f:37:11:37:17":4,"s:37:17:37:Infinity":14,"s:40:30:49:Infinity":15,"f:40:30:40:37":5,"s:41:24:41:61":16,"s:42:22:47:Infinity":17,"s:48:4:48:Infinity":18,"s:51:18:53:Infinity":19,"f:51:18:51:Infinity":6,"s:52:4:52:Infinity":20,"s:55:2:57:Infinity":21,"f:62:16:62:Infinity":7,"s:63:8:63:Infinity":22,"b:64:2:66:Infinity:undefined:undefined:undefined:undefined":2,"s:64:2:66:Infinity":23,"s:65:4:65:Infinity":24,"s:67:2:67:Infinity":25}}}
,"/Users/yuki/workspace/pulse-finance-os/src/lib/utils.ts": {"path":"/Users/yuki/workspace/pulse-finance-os/src/lib/utils.ts","statementMap":{"0":{"start":{"line":5,"column":2},"end":{"line":5,"column":null}}},"fnMap":{"0":{"name":"cn","decl":{"start":{"line":4,"column":16},"end":{"line":4,"column":19}},"loc":{"start":{"line":4,"column":42},"end":{"line":6,"column":null}},"line":4}},"branchMap":{},"s":{"0":3467},"f":{"0":3467},"b":{},"meta":{"lastBranch":0,"lastFunction":1,"lastStatement":1,"seen":{"f:4:16:4:19":0,"s:5:2:5:Infinity":0}}}
,"/Users/yuki/workspace/pulse-finance-os/src/pages/Auth.tsx": {"path":"/Users/yuki/workspace/pulse-finance-os/src/pages/Auth.tsx","statementMap":{"0":{"start":{"line":11,"column":20},"end":{"line":13,"column":null}},"1":{"start":{"line":16,"column":25},"end":{"line":16,"column":null}},"2":{"start":{"line":17,"column":29},"end":{"line":17,"column":null}},"3":{"start":{"line":18,"column":33},"end":{"line":18,"column":null}},"4":{"start":{"line":19,"column":31},"end":{"line":19,"column":null}},"5":{"start":{"line":20,"column":17},"end":{"line":20,"column":null}},"6":{"start":{"line":22,"column":23},"end":{"line":56,"column":null}},"7":{"start":{"line":23,"column":4},"end":{"line":23,"column":null}},"8":{"start":{"line":25,"column":23},"end":{"line":25,"column":null}},"9":{"start":{"line":26,"column":4},"end":{"line":33,"column":null}},"10":{"start":{"line":27,"column":6},"end":{"line":31,"column":null}},"11":{"start":{"line":32,"column":6},"end":{"line":32,"column":null}},"12":{"start":{"line":35,"column":4},"end":{"line":35,"column":null}},"13":{"start":{"line":37,"column":4},"end":{"line":55,"column":null}},"14":{"start":{"line":38,"column":24},"end":{"line":38,"column":null}},"15":{"start":{"line":39,"column":6},"end":{"line":46,"column":null}},"16":{"start":{"line":40,"column":8},"end":{"line":44,"column":null}},"17":{"start":{"line":45,"column":8},"end":{"line":45,"column":null}},"18":{"start":{"line":48,"column":6},"end":{"line":48,"column":null}},"19":{"start":{"line":49,"column":6},"end":{"line":52,"column":null}},"20":{"start":{"line":54,"column":6},"end":{"line":54,"column":null}},"21":{"start":{"line":58,"column":2},"end":{"line":90,"column":null}},"22":{"start":{"line":59,"column":4},"end":{"line":83,"column":null}},"23":{"start":{"line":82,"column":29},"end":{"line":82,"column":null}},"24":{"start":{"line":92,"column":2},"end":{"line":135,"column":null}},"25":{"start":{"line":117,"column":35},"end":{"line":117,"column":null}}},"fnMap":{"0":{"name":"Auth","decl":{"start":{"line":15,"column":24},"end":{"line":15,"column":null}},"loc":{"start":{"line":15,"column":24},"end":{"line":144,"column":null}},"line":15},"1":{"name":"(anonymous_1)","decl":{"start":{"line":22,"column":23},"end":{"line":22,"column":30}},"loc":{"start":{"line":22,"column":30},"end":{"line":56,"column":null}},"line":22},"2":{"name":"(anonymous_2)","decl":{"start":{"line":82,"column":23},"end":{"line":82,"column":29}},"loc":{"start":{"line":82,"column":29},"end":{"line":82,"column":null}},"line":82},"3":{"name":"(anonymous_3)","decl":{"start":{"line":117,"column":28},"end":{"line":117,"column":29}},"loc":{"start":{"line":117,"column":35},"end":{"line":117,"column":null}},"line":117}},"branchMap":{"0":{"loc":{"start":{"line":26,"column":4},"end":{"line":33,"column":null}},"type":"if","locations":[{"start":{"line":26,"column":4},"end":{"line":33,"column":null}},{"start":{},"end":{}}],"line":26},"1":{"loc":{"start":{"line":39,"column":6},"end":{"line":46,"column":null}},"type":"if","locations":[{"start":{"line":39,"column":6},"end":{"line":46,"column":null}},{"start":{},"end":{}}],"line":39},"2":{"loc":{"start":{"line":58,"column":2},"end":{"line":90,"column":null}},"type":"if","locations":[{"start":{"line":58,"column":2},"end":{"line":90,"column":null}},{"start":{},"end":{}}],"line":58},"3":{"loc":{"start":{"line":125,"column":15},"end":{"line":130,"column":null}},"type":"cond-expr","locations":[{"start":{"line":126,"column":16},"end":{"line":126,"column":null}},{"start":{"line":126,"column":16},"end":{"line":130,"column":null}}],"line":125}},"s":{"0":1,"1":48,"2":48,"3":48,"4":48,"5":48,"6":48,"7":1,"8":1,"9":1,"10":0,"11":0,"12":1,"13":1,"14":1,"15":1,"16":0,"17":0,"18":1,"19":1,"20":1,"21":48,"22":1,"23":0,"24":47,"25":32},"f":{"0":48,"1":1,"2":0,"3":32},"b":{"0":[0,1],"1":[0,1],"2":[1,47],"3":[1,46]},"meta":{"lastBranch":4,"lastFunction":4,"lastStatement":26,"seen":{"s:11:20:13:Infinity":0,"f:15:24:15:Infinity":0,"s:16:25:16:Infinity":1,"s:17:29:17:Infinity":2,"s:18:33:18:Infinity":3,"s:19:31:19:Infinity":4,"s:20:17:20:Infinity":5,"s:22:23:56:Infinity":6,"f:22:23:22:30":1,"s:23:4:23:Infinity":7,"s:25:23:25:Infinity":8,"b:26:4:33:Infinity:undefined:undefined:undefined:undefined":0,"s:26:4:33:Infinity":9,"s:27:6:31:Infinity":10,"s:32:6:32:Infinity":11,"s:35:4:35:Infinity":12,"s:37:4:55:Infinity":13,"s:38:24:38:Infinity":14,"b:39:6:46:Infinity:undefined:undefined:undefined:undefined":1,"s:39:6:46:Infinity":15,"s:40:8:44:Infinity":16,"s:45:8:45:Infinity":17,"s:48:6:48:Infinity":18,"s:49:6:52:Infinity":19,"s:54:6:54:Infinity":20,"b:58:2:90:Infinity:undefined:undefined:undefined:undefined":2,"s:58:2:90:Infinity":21,"s:59:4:83:Infinity":22,"f:82:23:82:29":2,"s:82:29:82:Infinity":23,"s:92:2:135:Infinity":24,"f:117:28:117:29":3,"s:117:35:117:Infinity":25,"b:126:16:126:Infinity:126:16:130:Infinity":3}}}
,"/Users/yuki/workspace/pulse-finance-os/src/pages/Employees.tsx": {"path":"/Users/yuki/workspace/pulse-finance-os/src/pages/Employees.tsx","statementMap":{"0":{"start":{"line":39,"column":61},"end":{"line":44,"column":null}},"1":{"start":{"line":47,"column":27},"end":{"line":47,"column":null}},"2":{"start":{"line":48,"column":39},"end":{"line":48,"column":null}},"3":{"start":{"line":49,"column":31},"end":{"line":59,"column":null}},"4":{"start":{"line":61,"column":43},"end":{"line":61,"column":null}},"5":{"start":{"line":62,"column":8},"end":{"line":62,"column":null}},"6":{"start":{"line":63,"column":8},"end":{"line":63,"column":null}},"7":{"start":{"line":65,"column":19},"end":{"line":68,"column":null}},"8":{"start":{"line":66,"column":4},"end":{"line":68,"column":null}},"9":{"start":{"line":71,"column":23},"end":{"line":86,"column":null}},"10":{"start":{"line":72,"column":4},"end":{"line":72,"column":null}},"11":{"start":{"line":73,"column":4},"end":{"line":73,"column":null}},"12":{"start":{"line":74,"column":4},"end":{"line":74,"column":null}},"13":{"start":{"line":75,"column":4},"end":{"line":85,"column":null}},"14":{"start":{"line":88,"column":2},"end":{"line":220,"column":null}},"15":{"start":{"line":110,"column":37},"end":{"line":110,"column":null}},"16":{"start":{"line":110,"column":55},"end":{"line":110,"column":null}},"17":{"start":{"line":119,"column":37},"end":{"line":119,"column":null}},"18":{"start":{"line":119,"column":55},"end":{"line":119,"column":null}},"19":{"start":{"line":129,"column":35},"end":{"line":129,"column":null}},"20":{"start":{"line":129,"column":53},"end":{"line":129,"column":null}},"21":{"start":{"line":137,"column":37},"end":{"line":137,"column":null}},"22":{"start":{"line":137,"column":55},"end":{"line":137,"column":null}},"23":{"start":{"line":144,"column":37},"end":{"line":144,"column":null}},"24":{"start":{"line":144,"column":55},"end":{"line":144,"column":null}},"25":{"start":{"line":154,"column":37},"end":{"line":154,"column":null}},"26":{"start":{"line":154,"column":55},"end":{"line":154,"column":null}},"27":{"start":{"line":162,"column":42},"end":{"line":162,"column":null}},"28":{"start":{"line":162,"column":60},"end":{"line":162,"column":null}},"29":{"start":{"line":188,"column":29},"end":{"line":188,"column":null}},"30":{"start":{"line":219,"column":31},"end":{"line":220,"column":null}},"31":{"start":{"line":238,"column":28},"end":{"line":238,"column":null}},"32":{"start":{"line":238,"column":52},"end":{"line":238,"column":null}}},"fnMap":{"0":{"name":"Employees","decl":{"start":{"line":46,"column":24},"end":{"line":46,"column":null}},"loc":{"start":{"line":46,"column":24},"end":{"line":254,"column":null}},"line":46},"1":{"name":"(anonymous_1)","decl":{"start":{"line":65,"column":36},"end":{"line":65,"column":null}},"loc":{"start":{"line":66,"column":4},"end":{"line":68,"column":null}},"line":66},"2":{"name":"(anonymous_2)","decl":{"start":{"line":71,"column":23},"end":{"line":71,"column":30}},"loc":{"start":{"line":71,"column":30},"end":{"line":86,"column":null}},"line":71},"3":{"name":"(anonymous_3)","decl":{"start":{"line":110,"column":32},"end":{"line":110,"column":37}},"loc":{"start":{"line":110,"column":37},"end":{"line":110,"column":null}},"line":110},"4":{"name":"(anonymous_4)","decl":{"start":{"line":110,"column":49},"end":{"line":110,"column":55}},"loc":{"start":{"line":110,"column":55},"end":{"line":110,"column":null}},"line":110},"5":{"name":"(anonymous_5)","decl":{"start":{"line":119,"column":32},"end":{"line":119,"column":37}},"loc":{"start":{"line":119,"column":37},"end":{"line":119,"column":null}},"line":119},"6":{"name":"(anonymous_6)","decl":{"start":{"line":119,"column":49},"end":{"line":119,"column":55}},"loc":{"start":{"line":119,"column":55},"end":{"line":119,"column":null}},"line":119},"7":{"name":"(anonymous_7)","decl":{"start":{"line":129,"column":30},"end":{"line":129,"column":35}},"loc":{"start":{"line":129,"column":35},"end":{"line":129,"column":null}},"line":129},"8":{"name":"(anonymous_8)","decl":{"start":{"line":129,"column":47},"end":{"line":129,"column":53}},"loc":{"start":{"line":129,"column":53},"end":{"line":129,"column":null}},"line":129},"9":{"name":"(anonymous_9)","decl":{"start":{"line":137,"column":32},"end":{"line":137,"column":37}},"loc":{"start":{"line":137,"column":37},"end":{"line":137,"column":null}},"line":137},"10":{"name":"(anonymous_10)","decl":{"start":{"line":137,"column":49},"end":{"line":137,"column":55}},"loc":{"start":{"line":137,"column":55},"end":{"line":137,"column":null}},"line":137},"11":{"name":"(anonymous_11)","decl":{"start":{"line":144,"column":32},"end":{"line":144,"column":37}},"loc":{"start":{"line":144,"column":37},"end":{"line":144,"column":null}},"line":144},"12":{"name":"(anonymous_12)","decl":{"start":{"line":144,"column":49},"end":{"line":144,"column":55}},"loc":{"start":{"line":144,"column":55},"end":{"line":144,"column":null}},"line":144},"13":{"name":"(anonymous_13)","decl":{"start":{"line":154,"column":32},"end":{"line":154,"column":37}},"loc":{"start":{"line":154,"column":37},"end":{"line":154,"column":null}},"line":154},"14":{"name":"(anonymous_14)","decl":{"start":{"line":154,"column":49},"end":{"line":154,"column":55}},"loc":{"start":{"line":154,"column":55},"end":{"line":154,"column":null}},"line":154},"15":{"name":"(anonymous_15)","decl":{"start":{"line":162,"column":37},"end":{"line":162,"column":42}},"loc":{"start":{"line":162,"column":42},"end":{"line":162,"column":null}},"line":162},"16":{"name":"(anonymous_16)","decl":{"start":{"line":162,"column":54},"end":{"line":162,"column":60}},"loc":{"start":{"line":162,"column":60},"end":{"line":162,"column":null}},"line":162},"17":{"name":"(anonymous_17)","decl":{"start":{"line":188,"column":24},"end":{"line":188,"column":29}},"loc":{"start":{"line":188,"column":29},"end":{"line":188,"column":null}},"line":188},"18":{"name":"(anonymous_18)","decl":{"start":{"line":219,"column":31},"end":{"line":219,"column":null}},"loc":{"start":{"line":219,"column":31},"end":{"line":220,"column":null}},"line":219},"19":{"name":"(anonymous_19)","decl":{"start":{"line":237,"column":35},"end":{"line":237,"column":null}},"loc":{"start":{"line":237,"column":35},"end":{"line":239,"column":null}},"line":237}},"branchMap":{"0":{"loc":{"start":{"line":61,"column":16},"end":{"line":61,"column":30}},"type":"default-arg","locations":[{"start":{"line":61,"column":28},"end":{"line":61,"column":30}}],"line":61},"1":{"loc":{"start":{"line":66,"column":4},"end":{"line":68,"column":null}},"type":"binary-expr","locations":[{"start":{"line":66,"column":4},"end":{"line":66,"column":null}},{"start":{"line":67,"column":4},"end":{"line":67,"column":null}},{"start":{"line":68,"column":4},"end":{"line":68,"column":null}}],"line":66},"2":{"loc":{"start":{"line":175,"column":19},"end":{"line":175,"column":null}},"type":"cond-expr","locations":[{"start":{"line":175,"column":46},"end":{"line":175,"column":57}},{"start":{"line":175,"column":57},"end":{"line":175,"column":null}}],"line":175},"3":{"loc":{"start":{"line":208,"column":15},"end":{"line":220,"column":null}},"type":"cond-expr","locations":[{"start":{"line":208,"column":15},"end":{"line":212,"column":27}},{"start":{"line":212,"column":18},"end":{"line":220,"column":null}}],"line":208},"4":{"loc":{"start":{"line":212,"column":18},"end":{"line":220,"column":null}},"type":"cond-expr","locations":[{"start":{"line":212,"column":38},"end":{"line":219,"column":27}},{"start":{"line":219,"column":18},"end":{"line":220,"column":null}}],"line":212},"5":{"loc":{"start":{"line":223,"column":30},"end":{"line":223,"column":null}},"type":"binary-expr","locations":[{"start":{"line":223,"column":30},"end":{"line":223,"column":44}},{"start":{"line":223,"column":48},"end":{"line":223,"column":null}}],"line":223},"6":{"loc":{"start":{"line":224,"column":30},"end":{"line":224,"column":null}},"type":"binary-expr","locations":[{"start":{"line":224,"column":30},"end":{"line":224,"column":42}},{"start":{"line":224,"column":46},"end":{"line":224,"column":null}}],"line":224},"7":{"loc":{"start":{"line":238,"column":28},"end":{"line":238,"column":null}},"type":"if","locations":[{"start":{"line":238,"column":28},"end":{"line":238,"column":null}},{"start":{},"end":{}}],"line":238}},"s":{"0":1,"1":8,"2":8,"3":8,"4":8,"5":8,"6":8,"7":8,"8":16,"9":8,"10":0,"11":0,"12":0,"13":0,"14":8,"15":0,"16":0,"17":0,"18":0,"19":0,"20":0,"21":0,"22":0,"23":0,"24":0,"25":0,"26":0,"27":0,"28":0,"29":0,"30":16,"31":0,"32":0},"f":{"0":8,"1":16,"2":0,"3":0,"4":0,"5":0,"6":0,"7":0,"8":0,"9":0,"10":0,"11":0,"12":0,"13":0,"14":0,"15":0,"16":0,"17":0,"18":16,"19":0},"b":{"0":[8],"1":[16,0,0],"2":[0,8],"3":[0,8],"4":[0,8],"5":[16,0],"6":[16,0],"7":[0,0]},"meta":{"lastBranch":8,"lastFunction":20,"lastStatement":33,"seen":{"s:39:61:44:Infinity":0,"f:46:24:46:Infinity":0,"s:47:27:47:Infinity":1,"s:48:39:48:Infinity":2,"s:49:31:59:Infinity":3,"s:61:43:61:Infinity":4,"b:61:28:61:30":0,"s:62:8:62:Infinity":5,"s:63:8:63:Infinity":6,"s:65:19:68:Infinity":7,"f:65:36:65:Infinity":1,"s:66:4:68:Infinity":8,"b:66:4:66:Infinity:67:4:67:Infinity:68:4:68:Infinity":1,"s:71:23:86:Infinity":9,"f:71:23:71:30":2,"s:72:4:72:Infinity":10,"s:73:4:73:Infinity":11,"s:74:4:74:Infinity":12,"s:75:4:85:Infinity":13,"s:88:2:220:Infinity":14,"f:110:32:110:37":3,"s:110:37:110:Infinity":15,"f:110:49:110:55":4,"s:110:55:110:Infinity":16,"f:119:32:119:37":5,"s:119:37:119:Infinity":17,"f:119:49:119:55":6,"s:119:55:119:Infinity":18,"f:129:30:129:35":7,"s:129:35:129:Infinity":19,"f:129:47:129:53":8,"s:129:53:129:Infinity":20,"f:137:32:137:37":9,"s:137:37:137:Infinity":21,"f:137:49:137:55":10,"s:137:55:137:Infinity":22,"f:144:32:144:37":11,"s:144:37:144:Infinity":23,"f:144:49:144:55":12,"s:144:55:144:Infinity":24,"f:154:32:154:37":13,"s:154:37:154:Infinity":25,"f:154:49:154:55":14,"s:154:55:154:Infinity":26,"f:162:37:162:42":15,"s:162:42:162:Infinity":27,"f:162:54:162:60":16,"s:162:60:162:Infinity":28,"b:175:46:175:57:175:57:175:Infinity":2,"f:188:24:188:29":17,"s:188:29:188:Infinity":29,"b:208:15:212:27:212:18:220:Infinity":3,"b:212:38:219:27:219:18:220:Infinity":4,"f:219:31:219:Infinity":18,"s:219:31:220:Infinity":30,"b:223:30:223:44:223:48:223:Infinity":5,"b:224:30:224:42:224:46:224:Infinity":6,"f:237:35:237:Infinity":19,"b:238:28:238:Infinity:undefined:undefined:undefined:undefined":7,"s:238:28:238:Infinity":31,"s:238:52:238:Infinity":32}}}
,"/Users/yuki/workspace/pulse-finance-os/src/pages/Landing.tsx": {"path":"/Users/yuki/workspace/pulse-finance-os/src/pages/Landing.tsx","statementMap":{"0":{"start":{"line":30,"column":17},"end":{"line":81,"column":null}},"1":{"start":{"line":83,"column":17},"end":{"line":90,"column":null}},"2":{"start":{"line":93,"column":29},"end":{"line":221,"column":null}},"3":{"start":{"line":225,"column":19},"end":{"line":236,"column":null}},"4":{"start":{"line":226,"column":2},"end":{"line":228,"column":null}},"5":{"start":{"line":227,"column":4},"end":{"line":227,"column":null}},"6":{"start":{"line":229,"column":2},"end":{"line":231,"column":null}},"7":{"start":{"line":230,"column":4},"end":{"line":230,"column":null}},"8":{"start":{"line":232,"column":2},"end":{"line":234,"column":null}},"9":{"start":{"line":233,"column":4},"end":{"line":233,"column":null}},"10":{"start":{"line":235,"column":2},"end":{"line":235,"column":null}},"11":{"start":{"line":239,"column":33},"end":{"line":239,"column":null}},"12":{"start":{"line":241,"column":2},"end":{"line":472,"column":null}},"13":{"start":{"line":312,"column":27},"end":{"line":314,"column":null}},"14":{"start":{"line":351,"column":29},"end":{"line":353,"column":null}},"15":{"start":{"line":375,"column":56},"end":{"line":375,"column":88}},"16":{"start":{"line":377,"column":73},"end":{"line":379,"column":null}},"17":{"start":{"line":388,"column":83},"end":{"line":389,"column":37}},"18":{"start":{"line":397,"column":48},"end":{"line":399,"column":null}},"19":{"start":{"line":411,"column":38},"end":{"line":412,"column":52}},"20":{"start":{"line":416,"column":50},"end":{"line":418,"column":null}}},"fnMap":{"0":{"name":"(anonymous_0)","decl":{"start":{"line":225,"column":19},"end":{"line":225,"column":20}},"loc":{"start":{"line":225,"column":20},"end":{"line":236,"column":null}},"line":225},"1":{"name":"Landing","decl":{"start":{"line":238,"column":24},"end":{"line":238,"column":null}},"loc":{"start":{"line":238,"column":24},"end":{"line":477,"column":null}},"line":238},"2":{"name":"(anonymous_2)","decl":{"start":{"line":312,"column":26},"end":{"line":312,"column":27}},"loc":{"start":{"line":312,"column":27},"end":{"line":314,"column":null}},"line":312},"3":{"name":"(anonymous_3)","decl":{"start":{"line":351,"column":28},"end":{"line":351,"column":29}},"loc":{"start":{"line":351,"column":29},"end":{"line":353,"column":null}},"line":351},"4":{"name":"(anonymous_4)","decl":{"start":{"line":375,"column":49},"end":{"line":375,"column":50}},"loc":{"start":{"line":375,"column":56},"end":{"line":375,"column":88}},"line":375},"5":{"name":"(anonymous_5)","decl":{"start":{"line":377,"column":56},"end":{"line":377,"column":57}},"loc":{"start":{"line":377,"column":73},"end":{"line":379,"column":null}},"line":377},"6":{"name":"(anonymous_6)","decl":{"start":{"line":388,"column":54},"end":{"line":388,"column":55}},"loc":{"start":{"line":388,"column":83},"end":{"line":389,"column":37}},"line":388},"7":{"name":"(anonymous_7)","decl":{"start":{"line":397,"column":41},"end":{"line":397,"column":42}},"loc":{"start":{"line":397,"column":48},"end":{"line":399,"column":null}},"line":397},"8":{"name":"(anonymous_8)","decl":{"start":{"line":411,"column":32},"end":{"line":411,"column":33}},"loc":{"start":{"line":411,"column":38},"end":{"line":412,"column":52}},"line":411},"9":{"name":"(anonymous_9)","decl":{"start":{"line":416,"column":42},"end":{"line":416,"column":43}},"loc":{"start":{"line":416,"column":50},"end":{"line":418,"column":null}},"line":416}},"branchMap":{"0":{"loc":{"start":{"line":226,"column":2},"end":{"line":228,"column":null}},"type":"if","locations":[{"start":{"line":226,"column":2},"end":{"line":228,"column":null}},{"start":{},"end":{}}],"line":226},"1":{"loc":{"start":{"line":229,"column":2},"end":{"line":231,"column":null}},"type":"if","locations":[{"start":{"line":229,"column":2},"end":{"line":231,"column":null}},{"start":{},"end":{}}],"line":229},"2":{"loc":{"start":{"line":232,"column":2},"end":{"line":234,"column":null}},"type":"if","locations":[{"start":{"line":232,"column":2},"end":{"line":234,"column":null}},{"start":{},"end":{}}],"line":232},"3":{"loc":{"start":{"line":401,"column":30},"end":{"line":401,"column":null}},"type":"cond-expr","locations":[{"start":{"line":401,"column":40},"end":{"line":401,"column":74}},{"start":{"line":401,"column":74},"end":{"line":401,"column":null}}],"line":401},"4":{"loc":{"start":{"line":405,"column":29},"end":{"line":405,"column":null}},"type":"binary-expr","locations":[{"start":{"line":405,"column":29},"end":{"line":405,"column":37}},{"start":{"line":405,"column":37},"end":{"line":405,"column":null}}],"line":405},"5":{"loc":{"start":{"line":412,"column":63},"end":{"line":412,"column":null}},"type":"cond-expr","locations":[{"start":{"line":412,"column":80},"end":{"line":412,"column":96}},{"start":{"line":412,"column":96},"end":{"line":412,"column":null}}],"line":412},"6":{"loc":{"start":{"line":413,"column":82},"end":{"line":413,"column":132}},"type":"cond-expr","locations":[{"start":{"line":413,"column":99},"end":{"line":413,"column":115}},{"start":{"line":413,"column":115},"end":{"line":413,"column":132}}],"line":413},"7":{"loc":{"start":{"line":420,"column":32},"end":{"line":420,"column":null}},"type":"cond-expr","locations":[{"start":{"line":420,"column":49},"end":{"line":420,"column":75}},{"start":{"line":420,"column":75},"end":{"line":420,"column":null}}],"line":420},"8":{"loc":{"start":{"line":421,"column":34},"end":{"line":421,"column":90}},"type":"cond-expr","locations":[{"start":{"line":421,"column":69},"end":{"line":421,"column":86}},{"start":{"line":421,"column":86},"end":{"line":421,"column":90}}],"line":421},"9":{"loc":{"start":{"line":421,"column":34},"end":{"line":421,"column":69}},"type":"binary-expr","locations":[{"start":{"line":421,"column":34},"end":{"line":421,"column":52}},{"start":{"line":421,"column":52},"end":{"line":421,"column":69}}],"line":421}},"s":{"0":1,"1":1,"2":1,"3":1,"4":1935,"5":882,"6":1053,"7":315,"8":738,"9":225,"10":513,"11":9,"12":9,"13":90,"14":54,"15":0,"16":63,"17":63,"18":315,"19":387,"20":1935},"f":{"0":1935,"1":9,"2":90,"3":54,"4":0,"5":63,"6":63,"7":315,"8":387,"9":1935},"b":{"0":[882,1053],"1":[315,738],"2":[225,513],"3":[63,252],"4":[315,36],"5":[63,324],"6":[63,324],"7":[387,1548],"8":[63,1872],"9":[1935,315]},"meta":{"lastBranch":10,"lastFunction":10,"lastStatement":21,"seen":{"s:30:17:81:Infinity":0,"s:83:17:90:Infinity":1,"s:93:29:221:Infinity":2,"s:225:19:236:Infinity":3,"f:225:19:225:20":0,"b:226:2:228:Infinity:undefined:undefined:undefined:undefined":0,"s:226:2:228:Infinity":4,"s:227:4:227:Infinity":5,"b:229:2:231:Infinity:undefined:undefined:undefined:undefined":1,"s:229:2:231:Infinity":6,"s:230:4:230:Infinity":7,"b:232:2:234:Infinity:undefined:undefined:undefined:undefined":2,"s:232:2:234:Infinity":8,"s:233:4:233:Infinity":9,"s:235:2:235:Infinity":10,"f:238:24:238:Infinity":1,"s:239:33:239:Infinity":11,"s:241:2:472:Infinity":12,"f:312:26:312:27":2,"s:312:27:314:Infinity":13,"f:351:28:351:29":3,"s:351:29:353:Infinity":14,"f:375:49:375:50":4,"s:375:56:375:88":15,"f:377:56:377:57":5,"s:377:73:379:Infinity":16,"f:388:54:388:55":6,"s:388:83:389:37":17,"f:397:41:397:42":7,"s:397:48:399:Infinity":18,"b:401:40:401:74:401:74:401:Infinity":3,"b:405:29:405:37:405:37:405:Infinity":4,"f:411:32:411:33":8,"s:411:38:412:52":19,"b:412:80:412:96:412:96:412:Infinity":5,"b:413:99:413:115:413:115:413:132":6,"f:416:42:416:43":9,"s:416:50:418:Infinity":20,"b:420:49:420:75:420:75:420:Infinity":7,"b:421:69:421:86:421:86:421:90":8,"b:421:34:421:52:421:52:421:69":9}}}
,"/Users/yuki/workspace/pulse-finance-os/src/pages/Leads.tsx": {"path":"/Users/yuki/workspace/pulse-finance-os/src/pages/Leads.tsx","statementMap":{"0":{"start":{"line":25,"column":49},"end":{"line":31,"column":null}},"1":{"start":{"line":34,"column":27},"end":{"line":34,"column":null}},"2":{"start":{"line":35,"column":39},"end":{"line":35,"column":null}},"3":{"start":{"line":36,"column":31},"end":{"line":44,"column":null}},"4":{"start":{"line":46,"column":39},"end":{"line":46,"column":null}},"5":{"start":{"line":47,"column":8},"end":{"line":47,"column":null}},"6":{"start":{"line":48,"column":8},"end":{"line":48,"column":null}},"7":{"start":{"line":49,"column":8},"end":{"line":49,"column":null}},"8":{"start":{"line":51,"column":19},"end":{"line":53,"column":null}},"9":{"start":{"line":52,"column":4},"end":{"line":53,"column":null}},"10":{"start":{"line":56,"column":23},"end":{"line":61,"column":null}},"11":{"start":{"line":57,"column":4},"end":{"line":57,"column":null}},"12":{"start":{"line":58,"column":4},"end":{"line":58,"column":null}},"13":{"start":{"line":59,"column":4},"end":{"line":59,"column":null}},"14":{"start":{"line":60,"column":4},"end":{"line":60,"column":null}},"15":{"start":{"line":63,"column":2},"end":{"line":133,"column":null}},"16":{"start":{"line":80,"column":70},"end":{"line":80,"column":130}},"17":{"start":{"line":80,"column":88},"end":{"line":80,"column":130}},"18":{"start":{"line":83,"column":94},"end":{"line":83,"column":null}},"19":{"start":{"line":83,"column":112},"end":{"line":83,"column":null}},"20":{"start":{"line":84,"column":99},"end":{"line":84,"column":null}},"21":{"start":{"line":84,"column":117},"end":{"line":84,"column":null}},"22":{"start":{"line":87,"column":85},"end":{"line":87,"column":null}},"23":{"start":{"line":87,"column":103},"end":{"line":87,"column":null}},"24":{"start":{"line":90,"column":72},"end":{"line":90,"column":null}},"25":{"start":{"line":90,"column":90},"end":{"line":90,"column":null}},"26":{"start":{"line":93,"column":65},"end":{"line":93,"column":90}},"27":{"start":{"line":98,"column":86},"end":{"line":98,"column":null}},"28":{"start":{"line":98,"column":104},"end":{"line":98,"column":null}},"29":{"start":{"line":108,"column":69},"end":{"line":108,"column":96}},"30":{"start":{"line":132,"column":31},"end":{"line":133,"column":null}},"31":{"start":{"line":143,"column":57},"end":{"line":143,"column":114}},"32":{"start":{"line":144,"column":57},"end":{"line":144,"column":114}},"33":{"start":{"line":145,"column":88},"end":{"line":145,"column":140}},"34":{"start":{"line":145,"column":112},"end":{"line":145,"column":140}}},"fnMap":{"0":{"name":"Leads","decl":{"start":{"line":33,"column":24},"end":{"line":33,"column":null}},"loc":{"start":{"line":33,"column":24},"end":{"line":157,"column":null}},"line":33},"1":{"name":"(anonymous_1)","decl":{"start":{"line":51,"column":32},"end":{"line":51,"column":null}},"loc":{"start":{"line":52,"column":4},"end":{"line":53,"column":null}},"line":52},"2":{"name":"(anonymous_2)","decl":{"start":{"line":56,"column":23},"end":{"line":56,"column":30}},"loc":{"start":{"line":56,"column":30},"end":{"line":61,"column":null}},"line":56},"3":{"name":"(anonymous_3)","decl":{"start":{"line":80,"column":65},"end":{"line":80,"column":70}},"loc":{"start":{"line":80,"column":70},"end":{"line":80,"column":130}},"line":80},"4":{"name":"(anonymous_4)","decl":{"start":{"line":80,"column":82},"end":{"line":80,"column":88}},"loc":{"start":{"line":80,"column":88},"end":{"line":80,"column":130}},"line":80},"5":{"name":"(anonymous_5)","decl":{"start":{"line":83,"column":89},"end":{"line":83,"column":94}},"loc":{"start":{"line":83,"column":94},"end":{"line":83,"column":null}},"line":83},"6":{"name":"(anonymous_6)","decl":{"start":{"line":83,"column":106},"end":{"line":83,"column":112}},"loc":{"start":{"line":83,"column":112},"end":{"line":83,"column":null}},"line":83},"7":{"name":"(anonymous_7)","decl":{"start":{"line":84,"column":94},"end":{"line":84,"column":99}},"loc":{"start":{"line":84,"column":99},"end":{"line":84,"column":null}},"line":84},"8":{"name":"(anonymous_8)","decl":{"start":{"line":84,"column":111},"end":{"line":84,"column":117}},"loc":{"start":{"line":84,"column":117},"end":{"line":84,"column":null}},"line":84},"9":{"name":"(anonymous_9)","decl":{"start":{"line":87,"column":80},"end":{"line":87,"column":85}},"loc":{"start":{"line":87,"column":85},"end":{"line":87,"column":null}},"line":87},"10":{"name":"(anonymous_10)","decl":{"start":{"line":87,"column":97},"end":{"line":87,"column":103}},"loc":{"start":{"line":87,"column":103},"end":{"line":87,"column":null}},"line":87},"11":{"name":"(anonymous_11)","decl":{"start":{"line":90,"column":67},"end":{"line":90,"column":72}},"loc":{"start":{"line":90,"column":72},"end":{"line":90,"column":null}},"line":90},"12":{"name":"(anonymous_12)","decl":{"start":{"line":90,"column":84},"end":{"line":90,"column":90}},"loc":{"start":{"line":90,"column":90},"end":{"line":90,"column":null}},"line":90},"13":{"name":"(anonymous_13)","decl":{"start":{"line":93,"column":58},"end":{"line":93,"column":59}},"loc":{"start":{"line":93,"column":65},"end":{"line":93,"column":90}},"line":93},"14":{"name":"(anonymous_14)","decl":{"start":{"line":98,"column":81},"end":{"line":98,"column":86}},"loc":{"start":{"line":98,"column":86},"end":{"line":98,"column":null}},"line":98},"15":{"name":"(anonymous_15)","decl":{"start":{"line":98,"column":98},"end":{"line":98,"column":104}},"loc":{"start":{"line":98,"column":104},"end":{"line":98,"column":null}},"line":98},"16":{"name":"(anonymous_16)","decl":{"start":{"line":108,"column":64},"end":{"line":108,"column":69}},"loc":{"start":{"line":108,"column":69},"end":{"line":108,"column":96}},"line":108},"17":{"name":"(anonymous_17)","decl":{"start":{"line":132,"column":31},"end":{"line":132,"column":null}},"loc":{"start":{"line":132,"column":31},"end":{"line":133,"column":null}},"line":132},"18":{"name":"(anonymous_18)","decl":{"start":{"line":143,"column":51},"end":{"line":143,"column":57}},"loc":{"start":{"line":143,"column":57},"end":{"line":143,"column":114}},"line":143},"19":{"name":"(anonymous_19)","decl":{"start":{"line":144,"column":51},"end":{"line":144,"column":57}},"loc":{"start":{"line":144,"column":57},"end":{"line":144,"column":114}},"line":144},"20":{"name":"(anonymous_20)","decl":{"start":{"line":145,"column":80},"end":{"line":145,"column":88}},"loc":{"start":{"line":145,"column":80},"end":{"line":145,"column":143}},"line":145}},"branchMap":{"0":{"loc":{"start":{"line":46,"column":16},"end":{"line":46,"column":26}},"type":"default-arg","locations":[{"start":{"line":46,"column":24},"end":{"line":46,"column":26}}],"line":46},"1":{"loc":{"start":{"line":52,"column":4},"end":{"line":53,"column":null}},"type":"binary-expr","locations":[{"start":{"line":52,"column":4},"end":{"line":52,"column":null}},{"start":{"line":53,"column":4},"end":{"line":53,"column":null}}],"line":52},"2":{"loc":{"start":{"line":99,"column":90},"end":{"line":99,"column":null}},"type":"cond-expr","locations":[{"start":{"line":99,"column":113},"end":{"line":99,"column":124}},{"start":{"line":99,"column":124},"end":{"line":99,"column":null}}],"line":99},"3":{"loc":{"start":{"line":125,"column":15},"end":{"line":133,"column":null}},"type":"cond-expr","locations":[{"start":{"line":125,"column":15},"end":{"line":127,"column":27}},{"start":{"line":127,"column":18},"end":{"line":133,"column":null}}],"line":125},"4":{"loc":{"start":{"line":127,"column":18},"end":{"line":133,"column":null}},"type":"cond-expr","locations":[{"start":{"line":127,"column":38},"end":{"line":132,"column":27}},{"start":{"line":132,"column":18},"end":{"line":133,"column":null}}],"line":127},"5":{"loc":{"start":{"line":135,"column":30},"end":{"line":135,"column":null}},"type":"binary-expr","locations":[{"start":{"line":135,"column":30},"end":{"line":135,"column":47}},{"start":{"line":135,"column":51},"end":{"line":135,"column":null}}],"line":135},"6":{"loc":{"start":{"line":145,"column":88},"end":{"line":145,"column":140}},"type":"if","locations":[{"start":{"line":145,"column":88},"end":{"line":145,"column":140}},{"start":{},"end":{}}],"line":145}},"s":{"0":1,"1":7,"2":7,"3":7,"4":7,"5":7,"6":7,"7":7,"8":7,"9":14,"10":7,"11":0,"12":0,"13":0,"14":0,"15":7,"16":0,"17":0,"18":0,"19":0,"20":0,"21":0,"22":0,"23":0,"24":0,"25":0,"26":42,"27":0,"28":0,"29":0,"30":14,"31":0,"32":0,"33":0,"34":0},"f":{"0":7,"1":14,"2":0,"3":0,"4":0,"5":0,"6":0,"7":0,"8":0,"9":0,"10":0,"11":0,"12":0,"13":42,"14":0,"15":0,"16":0,"17":14,"18":0,"19":0,"20":0},"b":{"0":[7],"1":[14,0],"2":[0,7],"3":[0,7],"4":[0,7],"5":[14,0],"6":[0,0]},"meta":{"lastBranch":7,"lastFunction":21,"lastStatement":35,"seen":{"s:25:49:31:Infinity":0,"f:33:24:33:Infinity":0,"s:34:27:34:Infinity":1,"s:35:39:35:Infinity":2,"s:36:31:44:Infinity":3,"s:46:39:46:Infinity":4,"b:46:24:46:26":0,"s:47:8:47:Infinity":5,"s:48:8:48:Infinity":6,"s:49:8:49:Infinity":7,"s:51:19:53:Infinity":8,"f:51:32:51:Infinity":1,"s:52:4:53:Infinity":9,"b:52:4:52:Infinity:53:4:53:Infinity":1,"s:56:23:61:Infinity":10,"f:56:23:56:30":2,"s:57:4:57:Infinity":11,"s:58:4:58:Infinity":12,"s:59:4:59:Infinity":13,"s:60:4:60:Infinity":14,"s:63:2:133:Infinity":15,"f:80:65:80:70":3,"s:80:70:80:130":16,"f:80:82:80:88":4,"s:80:88:80:130":17,"f:83:89:83:94":5,"s:83:94:83:Infinity":18,"f:83:106:83:112":6,"s:83:112:83:Infinity":19,"f:84:94:84:99":7,"s:84:99:84:Infinity":20,"f:84:111:84:117":8,"s:84:117:84:Infinity":21,"f:87:80:87:85":9,"s:87:85:87:Infinity":22,"f:87:97:87:103":10,"s:87:103:87:Infinity":23,"f:90:67:90:72":11,"s:90:72:90:Infinity":24,"f:90:84:90:90":12,"s:90:90:90:Infinity":25,"f:93:58:93:59":13,"s:93:65:93:90":26,"f:98:81:98:86":14,"s:98:86:98:Infinity":27,"f:98:98:98:104":15,"s:98:104:98:Infinity":28,"b:99:113:99:124:99:124:99:Infinity":2,"f:108:64:108:69":16,"s:108:69:108:96":29,"b:125:15:127:27:127:18:133:Infinity":3,"b:127:38:132:27:132:18:133:Infinity":4,"f:132:31:132:Infinity":17,"s:132:31:133:Infinity":30,"b:135:30:135:47:135:51:135:Infinity":5,"f:143:51:143:57":18,"s:143:57:143:114":31,"f:144:51:144:57":19,"s:144:57:144:114":32,"f:145:80:145:88":20,"b:145:88:145:140:undefined:undefined:undefined:undefined":6,"s:145:88:145:140":33,"s:145:112:145:140":34}}}
,"/Users/yuki/workspace/pulse-finance-os/src/pages/NotFound.tsx": {"path":"/Users/yuki/workspace/pulse-finance-os/src/pages/NotFound.tsx","statementMap":{"0":{"start":{"line":4,"column":17},"end":{"line":22,"column":null}},"1":{"start":{"line":5,"column":8},"end":{"line":5,"column":null}},"2":{"start":{"line":7,"column":2},"end":{"line":9,"column":null}},"3":{"start":{"line":8,"column":4},"end":{"line":8,"column":null}},"4":{"start":{"line":11,"column":2},"end":{"line":16,"column":null}}},"fnMap":{"0":{"name":"(anonymous_0)","decl":{"start":{"line":4,"column":17},"end":{"line":4,"column":null}},"loc":{"start":{"line":4,"column":17},"end":{"line":22,"column":null}},"line":4},"1":{"name":"(anonymous_1)","decl":{"start":{"line":7,"column":12},"end":{"line":7,"column":null}},"loc":{"start":{"line":7,"column":12},"end":{"line":9,"column":5}},"line":7}},"branchMap":{},"s":{"0":1,"1":3,"2":3,"3":3,"4":3},"f":{"0":3,"1":3},"b":{},"meta":{"lastBranch":0,"lastFunction":2,"lastStatement":5,"seen":{"s:4:17:22:Infinity":0,"f:4:17:4:Infinity":0,"s:5:8:5:Infinity":1,"s:7:2:9:Infinity":2,"f:7:12:7:Infinity":1,"s:8:4:8:Infinity":3,"s:11:2:16:Infinity":4}}}
,"/Users/yuki/workspace/pulse-finance-os/src/types/crm.ts": {"path":"/Users/yuki/workspace/pulse-finance-os/src/types/crm.ts","statementMap":{"0":{"start":{"line":78,"column":54},"end":{"line":85,"column":null}},"1":{"start":{"line":87,"column":54},"end":{"line":94,"column":null}},"2":{"start":{"line":96,"column":60},"end":{"line":102,"column":null}},"3":{"start":{"line":104,"column":56},"end":{"line":111,"column":null}},"4":{"start":{"line":113,"column":64},"end":{"line":120,"column":null}}},"fnMap":{},"branchMap":{},"s":{"0":1,"1":1,"2":1,"3":1,"4":1},"f":{},"b":{},"meta":{"lastBranch":0,"lastFunction":0,"lastStatement":5,"seen":{"s:78:54:85:Infinity":0,"s:87:54:94:Infinity":1,"s:96:60:102:Infinity":2,"s:104:56:111:Infinity":3,"s:113:64:120:Infinity":4}}}
,"/Users/yuki/workspace/pulse-finance-os/src/types/database.ts": {"path":"/Users/yuki/workspace/pulse-finance-os/src/types/database.ts","statementMap":{"0":{"start":{"line":132,"column":2},"end":{"line":132,"column":null}},"1":{"start":{"line":132,"column":20},"end":{"line":132,"column":null}},"2":{"start":{"line":133,"column":2},"end":{"line":133,"column":null}},"3":{"start":{"line":133,"column":20},"end":{"line":133,"column":null}},"4":{"start":{"line":134,"column":2},"end":{"line":134,"column":null}},"5":{"start":{"line":134,"column":20},"end":{"line":134,"column":null}},"6":{"start":{"line":135,"column":2},"end":{"line":135,"column":null}},"7":{"start":{"line":135,"column":20},"end":{"line":135,"column":null}},"8":{"start":{"line":136,"column":2},"end":{"line":136,"column":null}},"9":{"start":{"line":140,"column":2},"end":{"line":146,"column":null}},"10":{"start":{"line":141,"column":14},"end":{"line":141,"column":null}},"11":{"start":{"line":142,"column":14},"end":{"line":142,"column":null}},"12":{"start":{"line":143,"column":14},"end":{"line":143,"column":null}},"13":{"start":{"line":144,"column":14},"end":{"line":144,"column":null}},"14":{"start":{"line":145,"column":14},"end":{"line":145,"column":null}},"15":{"start":{"line":150,"column":2},"end":{"line":157,"column":null}},"16":{"start":{"line":151,"column":18},"end":{"line":151,"column":null}},"17":{"start":{"line":152,"column":17},"end":{"line":152,"column":null}},"18":{"start":{"line":153,"column":20},"end":{"line":153,"column":null}},"19":{"start":{"line":154,"column":17},"end":{"line":154,"column":null}},"20":{"start":{"line":155,"column":20},"end":{"line":155,"column":null}},"21":{"start":{"line":156,"column":22},"end":{"line":156,"column":null}},"22":{"start":{"line":161,"column":2},"end":{"line":168,"column":null}},"23":{"start":{"line":162,"column":18},"end":{"line":162,"column":null}},"24":{"start":{"line":163,"column":17},"end":{"line":163,"column":null}},"25":{"start":{"line":164,"column":20},"end":{"line":164,"column":null}},"26":{"start":{"line":165,"column":17},"end":{"line":165,"column":null}},"27":{"start":{"line":166,"column":20},"end":{"line":166,"column":null}},"28":{"start":{"line":167,"column":22},"end":{"line":167,"column":null}},"29":{"start":{"line":172,"column":2},"end":{"line":175,"column":null}}},"fnMap":{"0":{"name":"getRankFromScore","decl":{"start":{"line":131,"column":16},"end":{"line":131,"column":33}},"loc":{"start":{"line":131,"column":46},"end":{"line":137,"column":null}},"line":131},"1":{"name":"getRankColor","decl":{"start":{"line":139,"column":16},"end":{"line":139,"column":29}},"loc":{"start":{"line":139,"column":44},"end":{"line":147,"column":null}},"line":139},"2":{"name":"getStatusColor","decl":{"start":{"line":149,"column":16},"end":{"line":149,"column":31}},"loc":{"start":{"line":149,"column":52},"end":{"line":158,"column":null}},"line":149},"3":{"name":"getStatusLabel","decl":{"start":{"line":160,"column":16},"end":{"line":160,"column":31}},"loc":{"start":{"line":160,"column":52},"end":{"line":169,"column":null}},"line":160},"4":{"name":"formatCurrency","decl":{"start":{"line":171,"column":16},"end":{"line":171,"column":31}},"loc":{"start":{"line":171,"column":45},"end":{"line":176,"column":null}},"line":171}},"branchMap":{"0":{"loc":{"start":{"line":132,"column":2},"end":{"line":132,"column":null}},"type":"if","locations":[{"start":{"line":132,"column":2},"end":{"line":132,"column":null}},{"start":{},"end":{}}],"line":132},"1":{"loc":{"start":{"line":133,"column":2},"end":{"line":133,"column":null}},"type":"if","locations":[{"start":{"line":133,"column":2},"end":{"line":133,"column":null}},{"start":{},"end":{}}],"line":133},"2":{"loc":{"start":{"line":134,"column":2},"end":{"line":134,"column":null}},"type":"if","locations":[{"start":{"line":134,"column":2},"end":{"line":134,"column":null}},{"start":{},"end":{}}],"line":134},"3":{"loc":{"start":{"line":135,"column":2},"end":{"line":135,"column":null}},"type":"if","locations":[{"start":{"line":135,"column":2},"end":{"line":135,"column":null}},{"start":{},"end":{}}],"line":135},"4":{"loc":{"start":{"line":140,"column":2},"end":{"line":146,"column":null}},"type":"switch","locations":[{"start":{"line":141,"column":4},"end":{"line":141,"column":null}},{"start":{"line":142,"column":4},"end":{"line":142,"column":null}},{"start":{"line":143,"column":4},"end":{"line":143,"column":null}},{"start":{"line":144,"column":4},"end":{"line":144,"column":null}},{"start":{"line":145,"column":4},"end":{"line":145,"column":null}}],"line":140},"5":{"loc":{"start":{"line":150,"column":2},"end":{"line":157,"column":null}},"type":"switch","locations":[{"start":{"line":151,"column":4},"end":{"line":151,"column":null}},{"start":{"line":152,"column":4},"end":{"line":152,"column":null}},{"start":{"line":153,"column":4},"end":{"line":153,"column":null}},{"start":{"line":154,"column":4},"end":{"line":154,"column":null}},{"start":{"line":155,"column":4},"end":{"line":155,"column":null}},{"start":{"line":156,"column":4},"end":{"line":156,"column":null}}],"line":150},"6":{"loc":{"start":{"line":161,"column":2},"end":{"line":168,"column":null}},"type":"switch","locations":[{"start":{"line":162,"column":4},"end":{"line":162,"column":null}},{"start":{"line":163,"column":4},"end":{"line":163,"column":null}},{"start":{"line":164,"column":4},"end":{"line":164,"column":null}},{"start":{"line":165,"column":4},"end":{"line":165,"column":null}},{"start":{"line":166,"column":4},"end":{"line":166,"column":null}},{"start":{"line":167,"column":4},"end":{"line":167,"column":null}}],"line":161}},"s":{"0":15,"1":3,"2":12,"3":3,"4":9,"5":3,"6":6,"7":6,"8":3,"9":14,"10":2,"11":8,"12":2,"13":1,"14":1,"15":13,"16":1,"17":8,"18":1,"19":1,"20":1,"21":1,"22":13,"23":1,"24":8,"25":1,"26":1,"27":1,"28":1,"29":31},"f":{"0":15,"1":14,"2":13,"3":13,"4":31},"b":{"0":[3,12],"1":[3,9],"2":[3,6],"3":[3,3],"4":[2,8,2,1,1],"5":[1,8,1,1,1,1],"6":[1,8,1,1,1,1]},"meta":{"lastBranch":7,"lastFunction":5,"lastStatement":30,"seen":{"f:131:16:131:33":0,"b:132:2:132:Infinity:undefined:undefined:undefined:undefined":0,"s:132:2:132:Infinity":0,"s:132:20:132:Infinity":1,"b:133:2:133:Infinity:undefined:undefined:undefined:undefined":1,"s:133:2:133:Infinity":2,"s:133:20:133:Infinity":3,"b:134:2:134:Infinity:undefined:undefined:undefined:undefined":2,"s:134:2:134:Infinity":4,"s:134:20:134:Infinity":5,"b:135:2:135:Infinity:undefined:undefined:undefined:undefined":3,"s:135:2:135:Infinity":6,"s:135:20:135:Infinity":7,"s:136:2:136:Infinity":8,"f:139:16:139:29":1,"b:141:4:141:Infinity:142:4:142:Infinity:143:4:143:Infinity:144:4:144:Infinity:145:4:145:Infinity":4,"s:140:2:146:Infinity":9,"s:141:14:141:Infinity":10,"s:142:14:142:Infinity":11,"s:143:14:143:Infinity":12,"s:144:14:144:Infinity":13,"s:145:14:145:Infinity":14,"f:149:16:149:31":2,"b:151:4:151:Infinity:152:4:152:Infinity:153:4:153:Infinity:154:4:154:Infinity:155:4:155:Infinity:156:4:156:Infinity":5,"s:150:2:157:Infinity":15,"s:151:18:151:Infinity":16,"s:152:17:152:Infinity":17,"s:153:20:153:Infinity":18,"s:154:17:154:Infinity":19,"s:155:20:155:Infinity":20,"s:156:22:156:Infinity":21,"f:160:16:160:31":3,"b:162:4:162:Infinity:163:4:163:Infinity:164:4:164:Infinity:165:4:165:Infinity:166:4:166:Infinity:167:4:167:Infinity":6,"s:161:2:168:Infinity":22,"s:162:18:162:Infinity":23,"s:163:17:163:Infinity":24,"s:164:20:164:Infinity":25,"s:165:17:165:Infinity":26,"s:166:20:166:Infinity":27,"s:167:22:167:Infinity":28,"f:171:16:171:31":4,"s:172:2:175:Infinity":29}}}
}
